0 info it worked if it ends with ok
1 verbose cli [ 'node', '/Users/bblack/.nvm/v0.10.26/bin/npm', 'start' ]
2 info using npm@2.13.1
3 info using node@v0.10.26
4 verbose stack Error: missing script: start
4 verbose stack     at run (/Users/bblack/.nvm/v0.10.26/lib/node_modules/npm/lib/run-script.js:142:19)
4 verbose stack     at /Users/bblack/.nvm/v0.10.26/lib/node_modules/npm/lib/run-script.js:58:5
4 verbose stack     at /Users/bblack/.nvm/v0.10.26/lib/node_modules/npm/node_modules/read-package-json/read-json.js:345:5
4 verbose stack     at checkBinReferences_ (/Users/bblack/.nvm/v0.10.26/lib/node_modules/npm/node_modules/read-package-json/read-json.js:309:45)
4 verbose stack     at final (/Users/bblack/.nvm/v0.10.26/lib/node_modules/npm/node_modules/read-package-json/read-json.js:343:3)
4 verbose stack     at then (/Users/bblack/.nvm/v0.10.26/lib/node_modules/npm/node_modules/read-package-json/read-json.js:113:5)
4 verbose stack     at /Users/bblack/.nvm/v0.10.26/lib/node_modules/npm/node_modules/read-package-json/read-json.js:300:12
4 verbose stack     at evalmachine.<anonymous>:266:14
4 verbose stack     at /Users/bblack/.nvm/v0.10.26/lib/node_modules/npm/node_modules/read-package-json/node_modules/graceful-fs/graceful-fs.js:102:5
4 verbose stack     at Object.oncomplete (evalmachine.<anonymous>:107:15)
5 verbose cwd /Users/bblack/fun/effy/assets
6 error Darwin 13.4.0
7 error argv "node" "/Users/bblack/.nvm/v0.10.26/bin/npm" "start"
8 error node v0.10.26
9 error npm  v2.13.1
10 error missing script: start
11 error If you need help, you may report this error at:
11 error     <https://github.com/npm/npm/issues>
12 verbose exit [ 1, true ]
